<?xml version="1.0" encoding="UTF-8"?>
<testsuite xmlns:xsi="http://www.w3.org/2001/XMLSchema-instance" xsi:noNamespaceSchemaLocation="https://maven.apache.org/surefire/maven-surefire-plugin/xsd/surefire-test-report.xsd" name="UserAccountTest" time="39.271" tests="4" errors="0" skipped="0" failures="1">
  <properties>
    <property name="java.specification.version" value="22"/>
    <property name="sun.jnu.encoding" value="UTF-8"/>
    <property name="java.class.path" value="/Users/ohtakemydrama/Projects/Diplom_3/target/test-classes:/Users/ohtakemydrama/Projects/Diplom_3/target/classes:/Users/ohtakemydrama/.m2/repository/junit/junit/4.13.2/junit-4.13.2.jar:/Users/ohtakemydrama/.m2/repository/org/hamcrest/hamcrest-core/1.3/hamcrest-core-1.3.jar:/Users/ohtakemydrama/.m2/repository/org/seleniumhq/selenium/selenium-java/4.19.1/selenium-java-4.19.1.jar:/Users/ohtakemydrama/.m2/repository/org/seleniumhq/selenium/selenium-api/4.19.1/selenium-api-4.19.1.jar:/Users/ohtakemydrama/.m2/repository/org/seleniumhq/selenium/selenium-chrome-driver/4.19.1/selenium-chrome-driver-4.19.1.jar:/Users/ohtakemydrama/.m2/repository/com/google/auto/service/auto-service-annotations/1.1.1/auto-service-annotations-1.1.1.jar:/Users/ohtakemydrama/.m2/repository/org/seleniumhq/selenium/selenium-chromium-driver/4.19.1/selenium-chromium-driver-4.19.1.jar:/Users/ohtakemydrama/.m2/repository/org/seleniumhq/selenium/selenium-json/4.19.1/selenium-json-4.19.1.jar:/Users/ohtakemydrama/.m2/repository/org/seleniumhq/selenium/selenium-manager/4.19.1/selenium-manager-4.19.1.jar:/Users/ohtakemydrama/.m2/repository/org/seleniumhq/selenium/selenium-devtools-v121/4.19.1/selenium-devtools-v121-4.19.1.jar:/Users/ohtakemydrama/.m2/repository/org/seleniumhq/selenium/selenium-devtools-v122/4.19.1/selenium-devtools-v122-4.19.1.jar:/Users/ohtakemydrama/.m2/repository/org/seleniumhq/selenium/selenium-devtools-v123/4.19.1/selenium-devtools-v123-4.19.1.jar:/Users/ohtakemydrama/.m2/repository/org/seleniumhq/selenium/selenium-devtools-v85/4.19.1/selenium-devtools-v85-4.19.1.jar:/Users/ohtakemydrama/.m2/repository/org/seleniumhq/selenium/selenium-edge-driver/4.19.1/selenium-edge-driver-4.19.1.jar:/Users/ohtakemydrama/.m2/repository/org/seleniumhq/selenium/selenium-firefox-driver/4.19.1/selenium-firefox-driver-4.19.1.jar:/Users/ohtakemydrama/.m2/repository/org/seleniumhq/selenium/selenium-http/4.19.1/selenium-http-4.19.1.jar:/Users/ohtakemydrama/.m2/repository/dev/failsafe/failsafe/3.3.2/failsafe-3.3.2.jar:/Users/ohtakemydrama/.m2/repository/org/seleniumhq/selenium/selenium-ie-driver/4.19.1/selenium-ie-driver-4.19.1.jar:/Users/ohtakemydrama/.m2/repository/org/seleniumhq/selenium/selenium-remote-driver/4.19.1/selenium-remote-driver-4.19.1.jar:/Users/ohtakemydrama/.m2/repository/com/google/guava/guava/33.1.0-jre/guava-33.1.0-jre.jar:/Users/ohtakemydrama/.m2/repository/com/google/guava/failureaccess/1.0.2/failureaccess-1.0.2.jar:/Users/ohtakemydrama/.m2/repository/com/google/guava/listenablefuture/9999.0-empty-to-avoid-conflict-with-guava/listenablefuture-9999.0-empty-to-avoid-conflict-with-guava.jar:/Users/ohtakemydrama/.m2/repository/com/google/code/findbugs/jsr305/3.0.2/jsr305-3.0.2.jar:/Users/ohtakemydrama/.m2/repository/org/checkerframework/checker-qual/3.42.0/checker-qual-3.42.0.jar:/Users/ohtakemydrama/.m2/repository/com/google/errorprone/error_prone_annotations/2.26.1/error_prone_annotations-2.26.1.jar:/Users/ohtakemydrama/.m2/repository/com/google/j2objc/j2objc-annotations/3.0.0/j2objc-annotations-3.0.0.jar:/Users/ohtakemydrama/.m2/repository/io/opentelemetry/semconv/opentelemetry-semconv/1.23.1-alpha/opentelemetry-semconv-1.23.1-alpha.jar:/Users/ohtakemydrama/.m2/repository/io/opentelemetry/opentelemetry-api/1.36.0/opentelemetry-api-1.36.0.jar:/Users/ohtakemydrama/.m2/repository/io/opentelemetry/opentelemetry-context/1.36.0/opentelemetry-context-1.36.0.jar:/Users/ohtakemydrama/.m2/repository/io/opentelemetry/opentelemetry-exporter-logging/1.36.0/opentelemetry-exporter-logging-1.36.0.jar:/Users/ohtakemydrama/.m2/repository/io/opentelemetry/opentelemetry-sdk-common/1.36.0/opentelemetry-sdk-common-1.36.0.jar:/Users/ohtakemydrama/.m2/repository/io/opentelemetry/opentelemetry-sdk-extension-autoconfigure-spi/1.36.0/opentelemetry-sdk-extension-autoconfigure-spi-1.36.0.jar:/Users/ohtakemydrama/.m2/repository/io/opentelemetry/opentelemetry-sdk-extension-autoconfigure/1.36.0/opentelemetry-sdk-extension-autoconfigure-1.36.0.jar:/Users/ohtakemydrama/.m2/repository/io/opentelemetry/opentelemetry-api-events/1.36.0-alpha/opentelemetry-api-events-1.36.0-alpha.jar:/Users/ohtakemydrama/.m2/repository/io/opentelemetry/opentelemetry-sdk-trace/1.36.0/opentelemetry-sdk-trace-1.36.0.jar:/Users/ohtakemydrama/.m2/repository/io/opentelemetry/opentelemetry-extension-incubator/1.36.0-alpha/opentelemetry-extension-incubator-1.36.0-alpha.jar:/Users/ohtakemydrama/.m2/repository/io/opentelemetry/opentelemetry-sdk/1.36.0/opentelemetry-sdk-1.36.0.jar:/Users/ohtakemydrama/.m2/repository/io/opentelemetry/opentelemetry-sdk-metrics/1.36.0/opentelemetry-sdk-metrics-1.36.0.jar:/Users/ohtakemydrama/.m2/repository/io/opentelemetry/opentelemetry-sdk-logs/1.36.0/opentelemetry-sdk-logs-1.36.0.jar:/Users/ohtakemydrama/.m2/repository/net/bytebuddy/byte-buddy/1.14.12/byte-buddy-1.14.12.jar:/Users/ohtakemydrama/.m2/repository/org/seleniumhq/selenium/selenium-os/4.19.1/selenium-os-4.19.1.jar:/Users/ohtakemydrama/.m2/repository/org/apache/commons/commons-exec/1.3/commons-exec-1.3.jar:/Users/ohtakemydrama/.m2/repository/org/seleniumhq/selenium/selenium-safari-driver/4.19.1/selenium-safari-driver-4.19.1.jar:/Users/ohtakemydrama/.m2/repository/org/seleniumhq/selenium/selenium-support/4.19.1/selenium-support-4.19.1.jar:/Users/ohtakemydrama/.m2/repository/io/github/bonigarcia/webdrivermanager/5.9.1/webdrivermanager-5.9.1.jar:/Users/ohtakemydrama/.m2/repository/org/slf4j/slf4j-api/2.0.13/slf4j-api-2.0.13.jar:/Users/ohtakemydrama/.m2/repository/com/github/docker-java/docker-java/3.3.6/docker-java-3.3.6.jar:/Users/ohtakemydrama/.m2/repository/com/github/docker-java/docker-java-core/3.3.6/docker-java-core-3.3.6.jar:/Users/ohtakemydrama/.m2/repository/com/github/docker-java/docker-java-api/3.3.6/docker-java-api-3.3.6.jar:/Users/ohtakemydrama/.m2/repository/com/fasterxml/jackson/core/jackson-annotations/2.10.3/jackson-annotations-2.10.3.jar:/Users/ohtakemydrama/.m2/repository/com/fasterxml/jackson/core/jackson-databind/2.10.3/jackson-databind-2.10.3.jar:/Users/ohtakemydrama/.m2/repository/com/fasterxml/jackson/core/jackson-core/2.10.3/jackson-core-2.10.3.jar:/Users/ohtakemydrama/.m2/repository/org/slf4j/jcl-over-slf4j/1.7.30/jcl-over-slf4j-1.7.30.jar:/Users/ohtakemydrama/.m2/repository/com/github/docker-java/docker-java-transport-httpclient5/3.3.6/docker-java-transport-httpclient5-3.3.6.jar:/Users/ohtakemydrama/.m2/repository/com/github/docker-java/docker-java-transport/3.3.6/docker-java-transport-3.3.6.jar:/Users/ohtakemydrama/.m2/repository/net/java/dev/jna/jna/5.13.0/jna-5.13.0.jar:/Users/ohtakemydrama/.m2/repository/org/brotli/dec/0.1.2/dec-0.1.2.jar:/Users/ohtakemydrama/.m2/repository/org/apache/commons/commons-lang3/3.14.0/commons-lang3-3.14.0.jar:/Users/ohtakemydrama/.m2/repository/org/apache/commons/commons-compress/1.26.2/commons-compress-1.26.2.jar:/Users/ohtakemydrama/.m2/repository/commons-codec/commons-codec/1.17.0/commons-codec-1.17.0.jar:/Users/ohtakemydrama/.m2/repository/commons-io/commons-io/2.16.1/commons-io-2.16.1.jar:/Users/ohtakemydrama/.m2/repository/org/apache/httpcomponents/client5/httpclient5/5.2.1/httpclient5-5.2.1.jar:/Users/ohtakemydrama/.m2/repository/org/apache/httpcomponents/core5/httpcore5/5.2/httpcore5-5.2.jar:/Users/ohtakemydrama/.m2/repository/org/apache/httpcomponents/core5/httpcore5-h2/5.2/httpcore5-h2-5.2.jar:/Users/ohtakemydrama/.m2/repository/io/rest-assured/rest-assured/5.4.0/rest-assured-5.4.0.jar:/Users/ohtakemydrama/.m2/repository/org/apache/groovy/groovy/4.0.16/groovy-4.0.16.jar:/Users/ohtakemydrama/.m2/repository/org/apache/groovy/groovy-xml/4.0.16/groovy-xml-4.0.16.jar:/Users/ohtakemydrama/.m2/repository/org/apache/httpcomponents/httpclient/4.5.13/httpclient-4.5.13.jar:/Users/ohtakemydrama/.m2/repository/org/apache/httpcomponents/httpcore/4.4.13/httpcore-4.4.13.jar:/Users/ohtakemydrama/.m2/repository/commons-logging/commons-logging/1.2/commons-logging-1.2.jar:/Users/ohtakemydrama/.m2/repository/org/apache/httpcomponents/httpmime/4.5.13/httpmime-4.5.13.jar:/Users/ohtakemydrama/.m2/repository/org/hamcrest/hamcrest/2.2/hamcrest-2.2.jar:/Users/ohtakemydrama/.m2/repository/org/ccil/cowan/tagsoup/tagsoup/1.2.1/tagsoup-1.2.1.jar:/Users/ohtakemydrama/.m2/repository/io/rest-assured/json-path/5.4.0/json-path-5.4.0.jar:/Users/ohtakemydrama/.m2/repository/org/apache/groovy/groovy-json/4.0.16/groovy-json-4.0.16.jar:/Users/ohtakemydrama/.m2/repository/io/rest-assured/rest-assured-common/5.4.0/rest-assured-common-5.4.0.jar:/Users/ohtakemydrama/.m2/repository/io/rest-assured/xml-path/5.4.0/xml-path-5.4.0.jar:/Users/ohtakemydrama/.m2/repository/io/qameta/allure/allure-junit4/2.27.0/allure-junit4-2.27.0.jar:/Users/ohtakemydrama/.m2/repository/io/qameta/allure/allure-java-commons/2.27.0/allure-java-commons-2.27.0.jar:/Users/ohtakemydrama/.m2/repository/io/qameta/allure/allure-model/2.27.0/allure-model-2.27.0.jar:/Users/ohtakemydrama/.m2/repository/io/qameta/allure/allure-test-filter/2.27.0/allure-test-filter-2.27.0.jar:/Users/ohtakemydrama/.m2/repository/io/qameta/allure/allure-rest-assured/2.27.0/allure-rest-assured-2.27.0.jar:/Users/ohtakemydrama/.m2/repository/io/qameta/allure/allure-attachments/2.27.0/allure-attachments-2.27.0.jar:/Users/ohtakemydrama/.m2/repository/org/freemarker/freemarker/2.3.31/freemarker-2.3.31.jar:/Users/ohtakemydrama/.m2/repository/org/slf4j/slf4j-nop/2.0.12/slf4j-nop-2.0.12.jar:/Users/ohtakemydrama/.m2/repository/com/google/code/gson/gson/2.8.9/gson-2.8.9.jar:/Users/ohtakemydrama/.m2/repository/org/projectlombok/lombok/1.18.32/lombok-1.18.32.jar:/Users/ohtakemydrama/.m2/repository/net/datafaker/datafaker/1.7.0/datafaker-1.7.0.jar:/Users/ohtakemydrama/.m2/repository/org/yaml/snakeyaml/1.33/snakeyaml-1.33.jar:/Users/ohtakemydrama/.m2/repository/com/github/mifmif/generex/1.0.2/generex-1.0.2.jar:/Users/ohtakemydrama/.m2/repository/dk/brics/automaton/automaton/1.11-8/automaton-1.11-8.jar:"/>
    <property name="java.vm.vendor" value="Oracle Corporation"/>
    <property name="sun.arch.data.model" value="64"/>
    <property name="java.vendor.url" value="https://java.oracle.com/"/>
    <property name="os.name" value="Mac OS X"/>
    <property name="java.vm.specification.version" value="22"/>
    <property name="sun.java.launcher" value="SUN_STANDARD"/>
    <property name="user.country" value="RU"/>
    <property name="sun.boot.library.path" value="/Users/ohtakemydrama/Library/Java/JavaVirtualMachines/openjdk-22.0.2/Contents/Home/lib"/>
    <property name="sun.java.command" value="/Users/ohtakemydrama/Projects/Diplom_3/target/surefire/surefirebooter12697429231079118329.jar /Users/ohtakemydrama/Projects/Diplom_3/target/surefire 2024-11-24T15-21-39_330-jvmRun1 surefire2550401263947659125tmp surefire_07564941020525605626tmp"/>
    <property name="jdk.debug" value="release"/>
    <property name="surefire.test.class.path" value="/Users/ohtakemydrama/Projects/Diplom_3/target/test-classes:/Users/ohtakemydrama/Projects/Diplom_3/target/classes:/Users/ohtakemydrama/.m2/repository/junit/junit/4.13.2/junit-4.13.2.jar:/Users/ohtakemydrama/.m2/repository/org/hamcrest/hamcrest-core/1.3/hamcrest-core-1.3.jar:/Users/ohtakemydrama/.m2/repository/org/seleniumhq/selenium/selenium-java/4.19.1/selenium-java-4.19.1.jar:/Users/ohtakemydrama/.m2/repository/org/seleniumhq/selenium/selenium-api/4.19.1/selenium-api-4.19.1.jar:/Users/ohtakemydrama/.m2/repository/org/seleniumhq/selenium/selenium-chrome-driver/4.19.1/selenium-chrome-driver-4.19.1.jar:/Users/ohtakemydrama/.m2/repository/com/google/auto/service/auto-service-annotations/1.1.1/auto-service-annotations-1.1.1.jar:/Users/ohtakemydrama/.m2/repository/org/seleniumhq/selenium/selenium-chromium-driver/4.19.1/selenium-chromium-driver-4.19.1.jar:/Users/ohtakemydrama/.m2/repository/org/seleniumhq/selenium/selenium-json/4.19.1/selenium-json-4.19.1.jar:/Users/ohtakemydrama/.m2/repository/org/seleniumhq/selenium/selenium-manager/4.19.1/selenium-manager-4.19.1.jar:/Users/ohtakemydrama/.m2/repository/org/seleniumhq/selenium/selenium-devtools-v121/4.19.1/selenium-devtools-v121-4.19.1.jar:/Users/ohtakemydrama/.m2/repository/org/seleniumhq/selenium/selenium-devtools-v122/4.19.1/selenium-devtools-v122-4.19.1.jar:/Users/ohtakemydrama/.m2/repository/org/seleniumhq/selenium/selenium-devtools-v123/4.19.1/selenium-devtools-v123-4.19.1.jar:/Users/ohtakemydrama/.m2/repository/org/seleniumhq/selenium/selenium-devtools-v85/4.19.1/selenium-devtools-v85-4.19.1.jar:/Users/ohtakemydrama/.m2/repository/org/seleniumhq/selenium/selenium-edge-driver/4.19.1/selenium-edge-driver-4.19.1.jar:/Users/ohtakemydrama/.m2/repository/org/seleniumhq/selenium/selenium-firefox-driver/4.19.1/selenium-firefox-driver-4.19.1.jar:/Users/ohtakemydrama/.m2/repository/org/seleniumhq/selenium/selenium-http/4.19.1/selenium-http-4.19.1.jar:/Users/ohtakemydrama/.m2/repository/dev/failsafe/failsafe/3.3.2/failsafe-3.3.2.jar:/Users/ohtakemydrama/.m2/repository/org/seleniumhq/selenium/selenium-ie-driver/4.19.1/selenium-ie-driver-4.19.1.jar:/Users/ohtakemydrama/.m2/repository/org/seleniumhq/selenium/selenium-remote-driver/4.19.1/selenium-remote-driver-4.19.1.jar:/Users/ohtakemydrama/.m2/repository/com/google/guava/guava/33.1.0-jre/guava-33.1.0-jre.jar:/Users/ohtakemydrama/.m2/repository/com/google/guava/failureaccess/1.0.2/failureaccess-1.0.2.jar:/Users/ohtakemydrama/.m2/repository/com/google/guava/listenablefuture/9999.0-empty-to-avoid-conflict-with-guava/listenablefuture-9999.0-empty-to-avoid-conflict-with-guava.jar:/Users/ohtakemydrama/.m2/repository/com/google/code/findbugs/jsr305/3.0.2/jsr305-3.0.2.jar:/Users/ohtakemydrama/.m2/repository/org/checkerframework/checker-qual/3.42.0/checker-qual-3.42.0.jar:/Users/ohtakemydrama/.m2/repository/com/google/errorprone/error_prone_annotations/2.26.1/error_prone_annotations-2.26.1.jar:/Users/ohtakemydrama/.m2/repository/com/google/j2objc/j2objc-annotations/3.0.0/j2objc-annotations-3.0.0.jar:/Users/ohtakemydrama/.m2/repository/io/opentelemetry/semconv/opentelemetry-semconv/1.23.1-alpha/opentelemetry-semconv-1.23.1-alpha.jar:/Users/ohtakemydrama/.m2/repository/io/opentelemetry/opentelemetry-api/1.36.0/opentelemetry-api-1.36.0.jar:/Users/ohtakemydrama/.m2/repository/io/opentelemetry/opentelemetry-context/1.36.0/opentelemetry-context-1.36.0.jar:/Users/ohtakemydrama/.m2/repository/io/opentelemetry/opentelemetry-exporter-logging/1.36.0/opentelemetry-exporter-logging-1.36.0.jar:/Users/ohtakemydrama/.m2/repository/io/opentelemetry/opentelemetry-sdk-common/1.36.0/opentelemetry-sdk-common-1.36.0.jar:/Users/ohtakemydrama/.m2/repository/io/opentelemetry/opentelemetry-sdk-extension-autoconfigure-spi/1.36.0/opentelemetry-sdk-extension-autoconfigure-spi-1.36.0.jar:/Users/ohtakemydrama/.m2/repository/io/opentelemetry/opentelemetry-sdk-extension-autoconfigure/1.36.0/opentelemetry-sdk-extension-autoconfigure-1.36.0.jar:/Users/ohtakemydrama/.m2/repository/io/opentelemetry/opentelemetry-api-events/1.36.0-alpha/opentelemetry-api-events-1.36.0-alpha.jar:/Users/ohtakemydrama/.m2/repository/io/opentelemetry/opentelemetry-sdk-trace/1.36.0/opentelemetry-sdk-trace-1.36.0.jar:/Users/ohtakemydrama/.m2/repository/io/opentelemetry/opentelemetry-extension-incubator/1.36.0-alpha/opentelemetry-extension-incubator-1.36.0-alpha.jar:/Users/ohtakemydrama/.m2/repository/io/opentelemetry/opentelemetry-sdk/1.36.0/opentelemetry-sdk-1.36.0.jar:/Users/ohtakemydrama/.m2/repository/io/opentelemetry/opentelemetry-sdk-metrics/1.36.0/opentelemetry-sdk-metrics-1.36.0.jar:/Users/ohtakemydrama/.m2/repository/io/opentelemetry/opentelemetry-sdk-logs/1.36.0/opentelemetry-sdk-logs-1.36.0.jar:/Users/ohtakemydrama/.m2/repository/net/bytebuddy/byte-buddy/1.14.12/byte-buddy-1.14.12.jar:/Users/ohtakemydrama/.m2/repository/org/seleniumhq/selenium/selenium-os/4.19.1/selenium-os-4.19.1.jar:/Users/ohtakemydrama/.m2/repository/org/apache/commons/commons-exec/1.3/commons-exec-1.3.jar:/Users/ohtakemydrama/.m2/repository/org/seleniumhq/selenium/selenium-safari-driver/4.19.1/selenium-safari-driver-4.19.1.jar:/Users/ohtakemydrama/.m2/repository/org/seleniumhq/selenium/selenium-support/4.19.1/selenium-support-4.19.1.jar:/Users/ohtakemydrama/.m2/repository/io/github/bonigarcia/webdrivermanager/5.9.1/webdrivermanager-5.9.1.jar:/Users/ohtakemydrama/.m2/repository/org/slf4j/slf4j-api/2.0.13/slf4j-api-2.0.13.jar:/Users/ohtakemydrama/.m2/repository/com/github/docker-java/docker-java/3.3.6/docker-java-3.3.6.jar:/Users/ohtakemydrama/.m2/repository/com/github/docker-java/docker-java-core/3.3.6/docker-java-core-3.3.6.jar:/Users/ohtakemydrama/.m2/repository/com/github/docker-java/docker-java-api/3.3.6/docker-java-api-3.3.6.jar:/Users/ohtakemydrama/.m2/repository/com/fasterxml/jackson/core/jackson-annotations/2.10.3/jackson-annotations-2.10.3.jar:/Users/ohtakemydrama/.m2/repository/com/fasterxml/jackson/core/jackson-databind/2.10.3/jackson-databind-2.10.3.jar:/Users/ohtakemydrama/.m2/repository/com/fasterxml/jackson/core/jackson-core/2.10.3/jackson-core-2.10.3.jar:/Users/ohtakemydrama/.m2/repository/org/slf4j/jcl-over-slf4j/1.7.30/jcl-over-slf4j-1.7.30.jar:/Users/ohtakemydrama/.m2/repository/com/github/docker-java/docker-java-transport-httpclient5/3.3.6/docker-java-transport-httpclient5-3.3.6.jar:/Users/ohtakemydrama/.m2/repository/com/github/docker-java/docker-java-transport/3.3.6/docker-java-transport-3.3.6.jar:/Users/ohtakemydrama/.m2/repository/net/java/dev/jna/jna/5.13.0/jna-5.13.0.jar:/Users/ohtakemydrama/.m2/repository/org/brotli/dec/0.1.2/dec-0.1.2.jar:/Users/ohtakemydrama/.m2/repository/org/apache/commons/commons-lang3/3.14.0/commons-lang3-3.14.0.jar:/Users/ohtakemydrama/.m2/repository/org/apache/commons/commons-compress/1.26.2/commons-compress-1.26.2.jar:/Users/ohtakemydrama/.m2/repository/commons-codec/commons-codec/1.17.0/commons-codec-1.17.0.jar:/Users/ohtakemydrama/.m2/repository/commons-io/commons-io/2.16.1/commons-io-2.16.1.jar:/Users/ohtakemydrama/.m2/repository/org/apache/httpcomponents/client5/httpclient5/5.2.1/httpclient5-5.2.1.jar:/Users/ohtakemydrama/.m2/repository/org/apache/httpcomponents/core5/httpcore5/5.2/httpcore5-5.2.jar:/Users/ohtakemydrama/.m2/repository/org/apache/httpcomponents/core5/httpcore5-h2/5.2/httpcore5-h2-5.2.jar:/Users/ohtakemydrama/.m2/repository/io/rest-assured/rest-assured/5.4.0/rest-assured-5.4.0.jar:/Users/ohtakemydrama/.m2/repository/org/apache/groovy/groovy/4.0.16/groovy-4.0.16.jar:/Users/ohtakemydrama/.m2/repository/org/apache/groovy/groovy-xml/4.0.16/groovy-xml-4.0.16.jar:/Users/ohtakemydrama/.m2/repository/org/apache/httpcomponents/httpclient/4.5.13/httpclient-4.5.13.jar:/Users/ohtakemydrama/.m2/repository/org/apache/httpcomponents/httpcore/4.4.13/httpcore-4.4.13.jar:/Users/ohtakemydrama/.m2/repository/commons-logging/commons-logging/1.2/commons-logging-1.2.jar:/Users/ohtakemydrama/.m2/repository/org/apache/httpcomponents/httpmime/4.5.13/httpmime-4.5.13.jar:/Users/ohtakemydrama/.m2/repository/org/hamcrest/hamcrest/2.2/hamcrest-2.2.jar:/Users/ohtakemydrama/.m2/repository/org/ccil/cowan/tagsoup/tagsoup/1.2.1/tagsoup-1.2.1.jar:/Users/ohtakemydrama/.m2/repository/io/rest-assured/json-path/5.4.0/json-path-5.4.0.jar:/Users/ohtakemydrama/.m2/repository/org/apache/groovy/groovy-json/4.0.16/groovy-json-4.0.16.jar:/Users/ohtakemydrama/.m2/repository/io/rest-assured/rest-assured-common/5.4.0/rest-assured-common-5.4.0.jar:/Users/ohtakemydrama/.m2/repository/io/rest-assured/xml-path/5.4.0/xml-path-5.4.0.jar:/Users/ohtakemydrama/.m2/repository/io/qameta/allure/allure-junit4/2.27.0/allure-junit4-2.27.0.jar:/Users/ohtakemydrama/.m2/repository/io/qameta/allure/allure-java-commons/2.27.0/allure-java-commons-2.27.0.jar:/Users/ohtakemydrama/.m2/repository/io/qameta/allure/allure-model/2.27.0/allure-model-2.27.0.jar:/Users/ohtakemydrama/.m2/repository/io/qameta/allure/allure-test-filter/2.27.0/allure-test-filter-2.27.0.jar:/Users/ohtakemydrama/.m2/repository/io/qameta/allure/allure-rest-assured/2.27.0/allure-rest-assured-2.27.0.jar:/Users/ohtakemydrama/.m2/repository/io/qameta/allure/allure-attachments/2.27.0/allure-attachments-2.27.0.jar:/Users/ohtakemydrama/.m2/repository/org/freemarker/freemarker/2.3.31/freemarker-2.3.31.jar:/Users/ohtakemydrama/.m2/repository/org/slf4j/slf4j-nop/2.0.12/slf4j-nop-2.0.12.jar:/Users/ohtakemydrama/.m2/repository/com/google/code/gson/gson/2.8.9/gson-2.8.9.jar:/Users/ohtakemydrama/.m2/repository/org/projectlombok/lombok/1.18.32/lombok-1.18.32.jar:/Users/ohtakemydrama/.m2/repository/net/datafaker/datafaker/1.7.0/datafaker-1.7.0.jar:/Users/ohtakemydrama/.m2/repository/org/yaml/snakeyaml/1.33/snakeyaml-1.33.jar:/Users/ohtakemydrama/.m2/repository/com/github/mifmif/generex/1.0.2/generex-1.0.2.jar:/Users/ohtakemydrama/.m2/repository/dk/brics/automaton/automaton/1.11-8/automaton-1.11-8.jar:"/>
    <property name="allure.results.directory" value="/Users/ohtakemydrama/Projects/Diplom_3/target/allure-results"/>
    <property name="sun.cpu.endian" value="little"/>
    <property name="user.home" value="/Users/ohtakemydrama"/>
    <property name="user.language" value="ru"/>
    <property name="java.specification.vendor" value="Oracle Corporation"/>
    <property name="java.version.date" value="2024-07-16"/>
    <property name="java.home" value="/Users/ohtakemydrama/Library/Java/JavaVirtualMachines/openjdk-22.0.2/Contents/Home"/>
    <property name="file.separator" value="/"/>
    <property name="basedir" value="/Users/ohtakemydrama/Projects/Diplom_3"/>
    <property name="java.vm.compressedOopsMode" value="Zero based"/>
    <property name="line.separator" value="&#10;"/>
    <property name="java.vm.specification.vendor" value="Oracle Corporation"/>
    <property name="java.specification.name" value="Java Platform API Specification"/>
    <property name="apple.awt.application.name" value="ForkedBooter"/>
    <property name="surefire.real.class.path" value="/Users/ohtakemydrama/Projects/Diplom_3/target/surefire/surefirebooter12697429231079118329.jar"/>
    <property name="sun.management.compiler" value="HotSpot 64-Bit Tiered Compilers"/>
    <property name="java.runtime.version" value="22.0.2+9-70"/>
    <property name="user.name" value="ohtakemydrama"/>
    <property name="stdout.encoding" value="UTF-8"/>
    <property name="path.separator" value=":"/>
    <property name="os.version" value="12.5"/>
    <property name="java.runtime.name" value="OpenJDK Runtime Environment"/>
    <property name="file.encoding" value="UTF-8"/>
    <property name="browser" value="chrome"/>
    <property name="java.vm.name" value="OpenJDK 64-Bit Server VM"/>
    <property name="localRepository" value="/Users/ohtakemydrama/.m2/repository"/>
    <property name="java.vendor.url.bug" value="https://bugreport.java.com/bugreport/"/>
    <property name="java.io.tmpdir" value="/var/folders/r6/nk1_yhrs2zn5m918d30y83w40000gn/T/"/>
    <property name="java.version" value="22.0.2"/>
    <property name="user.dir" value="/Users/ohtakemydrama/Projects/Diplom_3"/>
    <property name="os.arch" value="aarch64"/>
    <property name="java.vm.specification.name" value="Java Virtual Machine Specification"/>
    <property name="native.encoding" value="UTF-8"/>
    <property name="java.library.path" value="/Users/ohtakemydrama/Library/Java/Extensions:/Library/Java/Extensions:/Network/Library/Java/Extensions:/System/Library/Java/Extensions:/usr/lib/java:."/>
    <property name="java.vm.info" value="mixed mode, sharing"/>
    <property name="stderr.encoding" value="UTF-8"/>
    <property name="java.vendor" value="Oracle Corporation"/>
    <property name="java.vm.version" value="22.0.2+9-70"/>
    <property name="sun.io.unicode.encoding" value="UnicodeBig"/>
    <property name="java.class.version" value="66.0"/>
  </properties>
  <testcase name="goToAccountFromMainPageTest" classname="UserAccountTest" time="7.45">
    <failure message="URL после входа в аккаунт и повторного клика по кнопке «Личный кабинет» должен быть переход на страницу профиля expected:&lt;...parties.site/account[/profile]&gt; but was:&lt;...parties.site/account[]&gt;" type="org.junit.ComparisonFailure"><![CDATA[org.junit.ComparisonFailure: URL после входа в аккаунт и повторного клика по кнопке «Личный кабинет» должен быть переход на страницу профиля expected:<...parties.site/account[/profile]> but was:<...parties.site/account[]>
	at UserAccountTest.goToAccountFromMainPageTest(UserAccountTest.java:68)
]]></failure>
    <system-out><![CDATA[HTTP/1.1 200 OK
Date: Sun, 24 Nov 2024 08:23:00 GMT
Content-Type: application/json; charset=utf-8
Transfer-Encoding: chunked
Connection: keep-alive
X-Powered-By: Express
Access-Control-Allow-Origin: *
authorization: Bearer eyJhbGciOiJIUzI1NiIsInR5cCI6IkpXVCJ9.eyJpZCI6IjY3NDJlMjY0OWVkMjgwMDAxYjUxYTgyNSIsImlhdCI6MTczMjQzNjU4MCwiZXhwIjoxNzMyNDM3NzgwfQ.hcxqmMsGwDmx_iKgPAE19qqwLbG7UHUYK1PaldntLxg
ETag: W/"16a-EqDQq/mDCoOLPNB69FNZSB/U5Rs"
cf-cache-status: DYNAMIC
Report-To: {"endpoints":[{"url":"https:\/\/a.nel.cloudflare.com\/report\/v4?s=3ipifIIiQKweteIRwhX%2BM7ID2y3%2FExx%2BH%2B5H%2FXcHS%2BZ4OMvXRU02ZZzEAbAz1eWvzvbKsDAYiTO%2B1%2FqRmA5H5ygSbfXalMuG0TVmHA2u6uyKAyUd2Dl%2Fcsm7U45drFKp37lAnO58xb5cte1BknPTQBGu%2FlQ%3D"}],"group":"cf-nel","max_age":604800}
NEL: {"success_fraction":0,"report_to":"cf-nel","max_age":604800}
Server: cloudflare
CF-RAY: 8e77fe92fc635423-TLL
Content-Encoding: gzip
alt-svc: h3=":443"; ma=86400
server-timing: cfL4;desc="?proto=TCP&rtt=74989&min_rtt=71716&rtt_var=26283&sent=8&recv=8&lost=0&retrans=0&sent_bytes=3302&recv_bytes=920&delivery_rate=55230&cwnd=253&unsent_bytes=0&cid=1d323c2db534cf92&ts=473&x=0"

{
    "success": true,
    "user": {
        "email": "jdtgyglb@new.ru",
        "name": "dSlRMjra"
    },
    "accessToken": "Bearer eyJhbGciOiJIUzI1NiIsInR5cCI6IkpXVCJ9.eyJpZCI6IjY3NDJlMjY0OWVkMjgwMDAxYjUxYTgyNSIsImlhdCI6MTczMjQzNjU4MCwiZXhwIjoxNzMyNDM3NzgwfQ.hcxqmMsGwDmx_iKgPAE19qqwLbG7UHUYK1PaldntLxg",
    "refreshToken": "5db6a97e9a2f9ebc2def25aa71de110f665fc4c15b6c3d00e5560feabc0c4b3d3a79e8de475a8e1d"
}
HTTP/1.1 400 Bad Request
Date: Sun, 24 Nov 2024 08:23:07 GMT
Content-Type: text/html; charset=utf-8
Transfer-Encoding: chunked
Connection: keep-alive
X-Powered-By: Express
Access-Control-Allow-Origin: *
Content-Security-Policy: default-src 'none'
X-Content-Type-Options: nosniff
cf-cache-status: DYNAMIC
Report-To: {"endpoints":[{"url":"https:\/\/a.nel.cloudflare.com\/report\/v4?s=NCfgQHPpMU3QISwzG6TMYDs%2FJZKhz9LHC6ZqfQpkVH8%2B2qsVo3rR%2BNYyTOFLcln9bwnPChOI4NqrA4AD0w6ANr2buLeWZRS1HEeBhY1poG%2FeL8gSqjEHRYUZFYlxtaYJShOgpNxWCtsILSqaPJCB7Q6PGWA%3D"}],"group":"cf-nel","max_age":604800}
NEL: {"success_fraction":0,"report_to":"cf-nel","max_age":604800}
Server: cloudflare
CF-RAY: 8e77febd7e977122-TLL
alt-svc: h3=":443"; ma=86400
server-timing: cfL4;desc="?proto=TCP&rtt=104904&sent=7&recv=8&lost=0&retrans=0&sent_bytes=3301&recv_bytes=1030&delivery_rate=47557&cwnd=253&unsent_bytes=0&cid=3f0b3a035e717ccd&ts=355&x=0"

<html lang="en">
  <head>
    <meta charset="utf-8"/>
    <title>Error</title>
  </head>
  <body>
    <pre>Bad Request</pre>
  </body>
</html>
]]></system-out>
    <system-err><![CDATA[нояб. 24, 2024 3:23:01 PM org.openqa.selenium.devtools.CdpVersionFinder findNearestMatch
WARNING: Unable to find CDP implementation matching 131
нояб. 24, 2024 3:23:01 PM org.openqa.selenium.chromium.ChromiumDriver lambda$new$5
WARNING: Unable to find version of CDP to use for 131.0.6778.86. You may need to include a dependency on a specific version of the CDP using something similar to `org.seleniumhq.selenium:selenium-devtools-v86:4.19.1` where the version ("v86") matches the version of the chromium-based browser you're using and the version number of the artifact is the same as Selenium's.
]]></system-err>
  </testcase>
  <testcase name="logoClickTest" classname="UserAccountTest" time="11.728"/>
  <testcase name="logoutTest" classname="UserAccountTest" time="10.178"/>
  <testcase name="constructorClickTest" classname="UserAccountTest" time="9.909"/>
</testsuite>